{"level":"info","msg":"Filtering namespaces based on the following regex:.*|heptio-sonobuoy","time":"2019-10-04T06:36:04Z"}
{"level":"info","msg":"Namespace cattle-global-data Matched=true","time":"2019-10-04T06:36:04Z"}
{"level":"info","msg":"Namespace cattle-system Matched=true","time":"2019-10-04T06:36:04Z"}
{"level":"info","msg":"Namespace default Matched=true","time":"2019-10-04T06:36:04Z"}
{"level":"info","msg":"Namespace dev Matched=true","time":"2019-10-04T06:36:04Z"}
{"level":"info","msg":"Namespace heptio-sonobuoy Matched=true","time":"2019-10-04T06:36:04Z"}
{"level":"info","msg":"Namespace kube-public Matched=true","time":"2019-10-04T06:36:04Z"}
{"level":"info","msg":"Namespace kube-system Matched=true","time":"2019-10-04T06:36:04Z"}
{"level":"info","msg":"Namespace local Matched=true","time":"2019-10-04T06:36:04Z"}
{"level":"info","msg":"Namespace management Matched=true","time":"2019-10-04T06:36:04Z"}
{"level":"info","msg":"Namespace metallb-system Matched=true","time":"2019-10-04T06:36:04Z"}
{"level":"info","msg":"Namespace monitoring Matched=true","time":"2019-10-04T06:36:04Z"}
{"level":"info","msg":"Namespace network Matched=true","time":"2019-10-04T06:36:04Z"}
{"level":"info","msg":"Namespace p-5kf5f Matched=true","time":"2019-10-04T06:36:04Z"}
{"level":"info","msg":"Namespace p-8svjs Matched=true","time":"2019-10-04T06:36:04Z"}
{"level":"info","msg":"Namespace repository Matched=true","time":"2019-10-04T06:36:04Z"}
{"level":"info","msg":"Namespace weave Matched=true","time":"2019-10-04T06:36:04Z"}
{"level":"info","msg":"Starting server Expected Results: [{ e2e}]","time":"2019-10-04T06:36:04Z"}
{"level":"info","msg":"Starting annotation update routine","time":"2019-10-04T06:36:04Z"}
{"address":"0.0.0.0","level":"info","msg":"Starting aggregation server","port":8080,"time":"2019-10-04T06:36:04Z"}
{"level":"info","msg":"Running plugin","plugin":"e2e","time":"2019-10-04T06:36:04Z"}
{"client_cert":"e2e","level":"info","msg":"received aggregator request","plugin_name":"e2e","time":"2019-10-04T06:51:34Z"}
{"level":"info","msg":"Last update to annotations on exit","time":"2019-10-04T06:51:34Z"}
{"level":"info","msg":"Running non-ns query","time":"2019-10-04T06:51:34Z"}
{"level":"error","msg":"error querying CustomResourceDefinitions: the server could not find the requested resource","time":"2019-10-04T06:51:34Z"}
{"level":"info","msg":"Collecting Node Configuration and Health...","time":"2019-10-04T06:51:34Z"}
{"level":"info","msg":"Creating host results for k8s-m1 under /tmp/sonobuoy/d4bdd224-e3f1-416d-8540-6ebbe9e990ee/hosts/k8s-m1\n","time":"2019-10-04T06:51:34Z"}
{"level":"info","msg":"Running ns query (cattle-global-data)","time":"2019-10-04T06:51:34Z"}
{"level":"info","msg":"Running ns query (cattle-system)","time":"2019-10-04T06:51:35Z"}
{"level":"info","msg":"Running ns query (default)","time":"2019-10-04T06:51:38Z"}
{"level":"info","msg":"Running ns query (dev)","time":"2019-10-04T06:51:40Z"}
{"level":"info","msg":"Running ns query (heptio-sonobuoy)","time":"2019-10-04T06:51:42Z"}
{"level":"info","msg":"Collecting Pod Logs...","time":"2019-10-04T06:51:43Z"}
{"level":"info","msg":"Running ns query (kube-public)","time":"2019-10-04T06:51:45Z"}
{"level":"info","msg":"Running ns query (kube-system)","time":"2019-10-04T06:51:47Z"}
{"level":"info","msg":"Running ns query (local)","time":"2019-10-04T06:51:49Z"}
{"level":"info","msg":"Running ns query (management)","time":"2019-10-04T06:51:51Z"}
{"level":"info","msg":"Running ns query (metallb-system)","time":"2019-10-04T06:51:53Z"}
{"level":"info","msg":"Running ns query (monitoring)","time":"2019-10-04T06:51:55Z"}
{"level":"info","msg":"Running ns query (network)","time":"2019-10-04T06:51:57Z"}
{"level":"info","msg":"Running ns query (p-5kf5f)","time":"2019-10-04T06:51:59Z"}
{"level":"info","msg":"Running ns query (p-8svjs)","time":"2019-10-04T06:52:01Z"}
{"level":"info","msg":"Running ns query (repository)","time":"2019-10-04T06:52:03Z"}
{"level":"info","msg":"Running ns query (weave)","time":"2019-10-04T06:52:05Z"}
